[0.000][INFO]:      ChromeDriver 23.0.1240.0 /Users/Farism/twu_project/TWU_29_IOU/chromedriver
[0.489][FINE]:      Initializing session with capabilities {
   "browserName": "chrome",
   "chrome.switches": [  ],
   "chromeOptions": {
      "args": [  ],
      "extensions": [  ]
   },
   "platform": "ANY",
   "version": ""
}

[0.490][INFO]:      Launching chrome: /Applications/Google Chrome.app/Contents/MacOS/Google Chrome --enable-logging --log-level=1 --disable-hang-monitor --disable-prompt-on-repost --dom-automation --full-memory-crash-report --no-default-browser-check --no-first-run --disable-background-networking --disable-sync --disable-translate --disable-web-resources --safebrowsing-disable-auto-update --safebrowsing-disable-download-protection --disable-client-side-phishing-detection --disable-component-update --disable-default-apps --use-mock-keychain --ignore-certificate-errors about:blank
[1.559][INFO]:      Connected to Chrome successfully. Version: 23.0.1271.64
[1.603][FINE]:      Command received (/session/c6c6d79079c3123a9feaa63730213e7a)
[1.603][FINE]:      Command finished (/session/c6c6d79079c3123a9feaa63730213e7a) with response {
   "sessionId": "c6c6d79079c3123a9feaa63730213e7a",
   "status": 0,
   "value": {
      "acceptSslCerts": false,
      "applicationCacheEnabled": false,
      "browserConnectionEnabled": false,
      "browserName": "chrome",
      "chrome.chromedriverVersion": "23.0.1240.0",
      "chrome.nativeEvents": false,
      "cssSelectorsEnabled": true,
      "databaseEnabled": false,
      "handlesAlerts": true,
      "javascriptEnabled": true,
      "locationContextEnabled": false,
      "nativeEvents": true,
      "platform": "mac",
      "rotatable": false,
      "takesScreenshot": true,
      "version": "23.0.1271.64",
      "webStorageEnabled": true
   }
}

[1.605][FINE]:      Command received (/session/c6c6d79079c3123a9feaa63730213e7a/url) with params {
   "url": "http://localhost:9130/twu/login"
}

[1.605][FINER]:     Waiting for all views to stop loading...
[1.605][FINER]:     Done waiting for all views to stop loading
[1.699][FINER]:     Waiting for all views to stop loading...
[1.735][FINER]:     Done waiting for all views to stop loading
[1.735][FINE]:      Command finished (/session/c6c6d79079c3123a9feaa63730213e7a/url) with response {
   "sessionId": "c6c6d79079c3123a9feaa63730213e7a",
   "status": 0,
   "value": {

   }
}

[1.736][FINE]:      Command received (/session/c6c6d79079c3123a9feaa63730213e7a/element) with params {
   "using": "id",
   "value": "email"
}

[1.736][FINER]:     Waiting for all views to stop loading...
[1.737][FINER]:     Done waiting for all views to stop loading
[1.749][FINER]:     Waiting for all views to stop loading...
[1.749][FINER]:     Done waiting for all views to stop loading
[1.749][FINE]:      Command finished (/session/c6c6d79079c3123a9feaa63730213e7a/element) with response {
   "sessionId": "c6c6d79079c3123a9feaa63730213e7a",
   "status": 0,
   "value": {
      "ELEMENT": ":wdc:1352458730873"
   }
}

[1.752][FINE]:      Command received (/session/c6c6d79079c3123a9feaa63730213e7a/element/:wdc:1352458730873/value) with params {
   "id": ":wdc:1352458730873",
   "value": [ "sajacobs@thoughtworks.com" ]
}

[1.752][FINER]:     Waiting for all views to stop loading...
[1.766][FINER]:     Done waiting for all views to stop loading
[2.296][FINER]:     Waiting for all views to stop loading...
[2.297][FINER]:     Done waiting for all views to stop loading
[2.297][FINE]:      Command finished (/session/c6c6d79079c3123a9feaa63730213e7a/element/:wdc:1352458730873/value) with response {
   "sessionId": "c6c6d79079c3123a9feaa63730213e7a",
   "status": 0,
   "value": {

   }
}

[2.298][FINE]:      Command received (/session/c6c6d79079c3123a9feaa63730213e7a/element) with params {
   "using": "id",
   "value": "password"
}

[2.298][FINER]:     Waiting for all views to stop loading...
[2.298][FINER]:     Done waiting for all views to stop loading
[2.307][FINER]:     Waiting for all views to stop loading...
[2.307][FINER]:     Done waiting for all views to stop loading
[2.307][FINE]:      Command finished (/session/c6c6d79079c3123a9feaa63730213e7a/element) with response {
   "sessionId": "c6c6d79079c3123a9feaa63730213e7a",
   "status": 0,
   "value": {
      "ELEMENT": ":wdc:1352458730874"
   }
}

[2.309][FINE]:      Command received (/session/c6c6d79079c3123a9feaa63730213e7a/element/:wdc:1352458730874/value) with params {
   "id": ":wdc:1352458730874",
   "value": [ "1234" ]
}

[2.309][FINER]:     Waiting for all views to stop loading...
[2.309][FINER]:     Done waiting for all views to stop loading
[2.414][FINER]:     Waiting for all views to stop loading...
[2.414][FINER]:     Done waiting for all views to stop loading
[2.414][FINE]:      Command finished (/session/c6c6d79079c3123a9feaa63730213e7a/element/:wdc:1352458730874/value) with response {
   "sessionId": "c6c6d79079c3123a9feaa63730213e7a",
   "status": 0,
   "value": {

   }
}

[2.415][FINE]:      Command received (/session/c6c6d79079c3123a9feaa63730213e7a/element) with params {
   "using": "id",
   "value": "loginForm"
}

[2.415][FINER]:     Waiting for all views to stop loading...
[2.415][FINER]:     Done waiting for all views to stop loading
[2.424][FINER]:     Waiting for all views to stop loading...
[2.424][FINER]:     Done waiting for all views to stop loading
[2.424][FINE]:      Command finished (/session/c6c6d79079c3123a9feaa63730213e7a/element) with response {
   "sessionId": "c6c6d79079c3123a9feaa63730213e7a",
   "status": 0,
   "value": {
      "ELEMENT": ":wdc:1352458730875"
   }
}

[2.426][FINE]:      Command received (/session/c6c6d79079c3123a9feaa63730213e7a/element/:wdc:1352458730875/submit) with params {
   "id": ":wdc:1352458730875"
}

[2.426][FINER]:     Waiting for all views to stop loading...
[2.426][FINER]:     Done waiting for all views to stop loading
[2.446][FINER]:     Waiting for all views to stop loading...
[2.468][FINER]:     Done waiting for all views to stop loading
[2.468][FINE]:      Command finished (/session/c6c6d79079c3123a9feaa63730213e7a/element/:wdc:1352458730875/submit) with response {
   "sessionId": "c6c6d79079c3123a9feaa63730213e7a",
   "status": 0,
   "value": null
}

[2.469][FINE]:      Command received (/session/c6c6d79079c3123a9feaa63730213e7a/element) with params {
   "using": "id",
   "value": "friendsListButton"
}

[2.469][FINER]:     Waiting for all views to stop loading...
[2.474][FINER]:     Done waiting for all views to stop loading
[2.551][FINER]:     Waiting for all views to stop loading...
[2.552][FINER]:     Done waiting for all views to stop loading
[2.552][FINE]:      Command finished (/session/c6c6d79079c3123a9feaa63730213e7a/element) with response {
   "sessionId": "c6c6d79079c3123a9feaa63730213e7a",
   "status": 0,
   "value": {
      "ELEMENT": ":wdc:1352458731669"
   }
}

[2.553][FINE]:      Command received (/session/c6c6d79079c3123a9feaa63730213e7a/element/:wdc:1352458731669/click) with params {
   "id": ":wdc:1352458731669"
}

[2.553][FINER]:     Waiting for all views to stop loading...
[2.594][FINER]:     Done waiting for all views to stop loading
[2.731][FINER]:     Waiting for all views to stop loading...
[2.998][FINER]:     Done waiting for all views to stop loading
[2.998][FINE]:      Command finished (/session/c6c6d79079c3123a9feaa63730213e7a/element/:wdc:1352458731669/click) with response {
   "sessionId": "c6c6d79079c3123a9feaa63730213e7a",
   "status": 0,
   "value": {

   }
}

[3.000][FINE]:      Command received (/session/c6c6d79079c3123a9feaa63730213e7a/url)
[3.000][FINER]:     Waiting for all views to stop loading...
[3.000][FINER]:     Done waiting for all views to stop loading
[3.016][FINER]:     Waiting for all views to stop loading...
[3.017][FINER]:     Done waiting for all views to stop loading
[3.017][FINE]:      Command finished (/session/c6c6d79079c3123a9feaa63730213e7a/url) with response {
   "sessionId": "c6c6d79079c3123a9feaa63730213e7a",
   "status": 0,
   "value": "http://localhost:9130/twu/my-friends-list"
}

[3.018][FINE]:      Command received (/session/c6c6d79079c3123a9feaa63730213e7a/element) with params {
   "using": "id",
   "value": "newEmail"
}

[3.018][FINER]:     Waiting for all views to stop loading...
[3.019][FINER]:     Done waiting for all views to stop loading
[3.028][FINER]:     Waiting for all views to stop loading...
[3.029][FINER]:     Done waiting for all views to stop loading
[3.029][FINE]:      Command finished (/session/c6c6d79079c3123a9feaa63730213e7a/element) with response {
   "sessionId": "c6c6d79079c3123a9feaa63730213e7a",
   "status": 0,
   "value": {
      "ELEMENT": ":wdc:1352458732153"
   }
}

[3.030][FINE]:      Command received (/session/c6c6d79079c3123a9feaa63730213e7a/element/:wdc:1352458732153/value) with params {
   "id": ":wdc:1352458732153",
   "value": [ "abc@gmail.com" ]
}

[3.030][FINER]:     Waiting for all views to stop loading...
[3.031][FINER]:     Done waiting for all views to stop loading
[3.298][FINER]:     Waiting for all views to stop loading...
[3.299][FINER]:     Done waiting for all views to stop loading
[3.299][FINE]:      Command finished (/session/c6c6d79079c3123a9feaa63730213e7a/element/:wdc:1352458732153/value) with response {
   "sessionId": "c6c6d79079c3123a9feaa63730213e7a",
   "status": 0,
   "value": {

   }
}

[3.300][FINE]:      Command received (/session/c6c6d79079c3123a9feaa63730213e7a/element) with params {
   "using": "id",
   "value": "addToListButton"
}

[3.300][FINER]:     Waiting for all views to stop loading...
[3.300][FINER]:     Done waiting for all views to stop loading
[3.309][FINER]:     Waiting for all views to stop loading...
[3.309][FINER]:     Done waiting for all views to stop loading
[3.309][FINE]:      Command finished (/session/c6c6d79079c3123a9feaa63730213e7a/element) with response {
   "sessionId": "c6c6d79079c3123a9feaa63730213e7a",
   "status": 0,
   "value": {
      "ELEMENT": ":wdc:1352458732154"
   }
}

[3.311][FINE]:      Command received (/session/c6c6d79079c3123a9feaa63730213e7a/element/:wdc:1352458732154/click) with params {
   "id": ":wdc:1352458732154"
}

[3.311][FINER]:     Waiting for all views to stop loading...
[3.311][FINER]:     Done waiting for all views to stop loading
[3.337][FINER]:     Waiting for all views to stop loading...
[3.347][FINER]:     Done waiting for all views to stop loading
[3.347][FINE]:      Command finished (/session/c6c6d79079c3123a9feaa63730213e7a/element/:wdc:1352458732154/click) with response {
   "sessionId": "c6c6d79079c3123a9feaa63730213e7a",
   "status": 0,
   "value": {

   }
}

[3.349][FINE]:      Command received (/session/c6c6d79079c3123a9feaa63730213e7a/element) with params {
   "using": "id",
   "value": "emailList"
}

[3.349][FINER]:     Waiting for all views to stop loading...
[3.349][FINER]:     Done waiting for all views to stop loading
[3.358][FINER]:     Waiting for all views to stop loading...
[3.358][FINER]:     Done waiting for all views to stop loading
[3.358][FINE]:      Command finished (/session/c6c6d79079c3123a9feaa63730213e7a/element) with response {
   "sessionId": "c6c6d79079c3123a9feaa63730213e7a",
   "status": 0,
   "value": {
      "ELEMENT": ":wdc:1352458732155"
   }
}

[3.360][FINE]:      Command received (/session/c6c6d79079c3123a9feaa63730213e7a/element/:wdc:1352458732155/element) with params {
   "id": ":wdc:1352458732155",
   "using": "id",
   "value": "header"
}

[3.360][FINER]:     Waiting for all views to stop loading...
[3.360][FINER]:     Done waiting for all views to stop loading
[3.369][FINER]:     Waiting for all views to stop loading...
[3.369][FINER]:     Done waiting for all views to stop loading
[3.369][FINE]:      Command finished (/session/c6c6d79079c3123a9feaa63730213e7a/element/:wdc:1352458732155/element) with response {
   "sessionId": "c6c6d79079c3123a9feaa63730213e7a",
   "status": 0,
   "value": {
      "ELEMENT": ":wdc:1352458732156"
   }
}

[3.371][FINE]:      Command received (/session/c6c6d79079c3123a9feaa63730213e7a/element/:wdc:1352458732156/text)
[3.371][FINER]:     Waiting for all views to stop loading...
[3.371][FINER]:     Done waiting for all views to stop loading
[3.389][FINER]:     Waiting for all views to stop loading...
[3.390][FINER]:     Done waiting for all views to stop loading
[3.390][FINE]:      Command finished (/session/c6c6d79079c3123a9feaa63730213e7a/element/:wdc:1352458732156/text) with response {
   "sessionId": "c6c6d79079c3123a9feaa63730213e7a",
   "status": 0,
   "value": "Friends Added"
}

[3.391][FINE]:      Command received (/session/c6c6d79079c3123a9feaa63730213e7a/element/:wdc:1352458732155/element) with params {
   "id": ":wdc:1352458732155",
   "using": "id",
   "value": "baseRow"
}

[3.391][FINER]:     Waiting for all views to stop loading...
[3.392][FINER]:     Done waiting for all views to stop loading
[3.400][FINER]:     Waiting for all views to stop loading...
[3.400][FINER]:     Done waiting for all views to stop loading
[3.400][FINE]:      Command finished (/session/c6c6d79079c3123a9feaa63730213e7a/element/:wdc:1352458732155/element) with response {
   "sessionId": "c6c6d79079c3123a9feaa63730213e7a",
   "status": 0,
   "value": {
      "ELEMENT": ":wdc:1352458732157"
   }
}

[3.402][FINE]:      Command received (/session/c6c6d79079c3123a9feaa63730213e7a/element/:wdc:1352458732157/text)
[3.402][FINER]:     Waiting for all views to stop loading...
[3.402][FINER]:     Done waiting for all views to stop loading
[3.421][FINER]:     Waiting for all views to stop loading...
[3.421][FINER]:     Done waiting for all views to stop loading
[3.421][FINE]:      Command finished (/session/c6c6d79079c3123a9feaa63730213e7a/element/:wdc:1352458732157/text) with response {
   "sessionId": "c6c6d79079c3123a9feaa63730213e7a",
   "status": 0,
   "value": " "
}

[3.424][FINE]:      Command received (/session/c6c6d79079c3123a9feaa63730213e7a/window)
[3.489][INFO]:      Chrome shutdown
